[2024-11-22T16:26:05.466] [DEBUG] default - Error
    at Query.run (D:\Dev SIPPP\PMO\usman\node_modules\sequelize\src\dialects\postgres\query.js:76:25)
    at D:\Dev SIPPP\PMO\usman\node_modules\sequelize\src\sequelize.js:650:28
    at processTicksAndRejections (node:internal/process/task_queues:95:5)
    at async PostgresQueryInterface.select (D:\Dev SIPPP\PMO\usman\node_modules\sequelize\src\dialects\abstract\query-interface.js:1001:12)
    at async Function.findAll (D:\Dev SIPPP\PMO\usman\node_modules\sequelize\src\model.js:1824:21) {
  name: 'SequelizeDatabaseError',
  parent: error: kolom « nan » tidak ada
      at Parser.parseErrorMessage (D:\Dev SIPPP\PMO\usman\node_modules\pg-protocol\src\parser.ts:369:69)
      at Parser.handlePacket (D:\Dev SIPPP\PMO\usman\node_modules\pg-protocol\src\parser.ts:188:21)
      at Parser.parse (D:\Dev SIPPP\PMO\usman\node_modules\pg-protocol\src\parser.ts:103:30)
      at Socket.<anonymous> (D:\Dev SIPPP\PMO\usman\node_modules\pg-protocol\src\index.ts:7:48)
      at Socket.emit (node:events:513:28)
      at Socket.emit (node:domain:489:12)
      at addChunk (node:internal/streams/readable:324:12)
      at readableAddChunk (node:internal/streams/readable:297:9)
      at Socket.Readable.push (node:internal/streams/readable:234:10)
      at TCP.onStreamRead (node:internal/stream_base_commons:190:23) {
    length: 102,
    severity: 'ERROR',
    code: '42703',
    detail: undefined,
    hint: undefined,
    position: '149',
    internalPosition: undefined,
    internalQuery: undefined,
    where: undefined,
    schema: undefined,
    table: undefined,
    column: undefined,
    dataType: undefined,
    constraint: undefined,
    file: 'parse_relation.c',
    line: '3718',
    routine: 'errorMissingColumn',
    sql: 'SELECT "kode_jabatan", "kode_jabatan_atasan", "nama_jabatan" FROM "public"."ref_jabatan" AS "RefJabatan" WHERE "RefJabatan"."kode_jabatan_atasan" = NaN;',
    parameters: undefined
  },
  original: error: kolom « nan » tidak ada
      at Parser.parseErrorMessage (D:\Dev SIPPP\PMO\usman\node_modules\pg-protocol\src\parser.ts:369:69)
      at Parser.handlePacket (D:\Dev SIPPP\PMO\usman\node_modules\pg-protocol\src\parser.ts:188:21)
      at Parser.parse (D:\Dev SIPPP\PMO\usman\node_modules\pg-protocol\src\parser.ts:103:30)
      at Socket.<anonymous> (D:\Dev SIPPP\PMO\usman\node_modules\pg-protocol\src\index.ts:7:48)
      at Socket.emit (node:events:513:28)
      at Socket.emit (node:domain:489:12)
      at addChunk (node:internal/streams/readable:324:12)
      at readableAddChunk (node:internal/streams/readable:297:9)
      at Socket.Readable.push (node:internal/streams/readable:234:10)
      at TCP.onStreamRead (node:internal/stream_base_commons:190:23) {
    length: 102,
    severity: 'ERROR',
    code: '42703',
    detail: undefined,
    hint: undefined,
    position: '149',
    internalPosition: undefined,
    internalQuery: undefined,
    where: undefined,
    schema: undefined,
    table: undefined,
    column: undefined,
    dataType: undefined,
    constraint: undefined,
    file: 'parse_relation.c',
    line: '3718',
    routine: 'errorMissingColumn',
    sql: 'SELECT "kode_jabatan", "kode_jabatan_atasan", "nama_jabatan" FROM "public"."ref_jabatan" AS "RefJabatan" WHERE "RefJabatan"."kode_jabatan_atasan" = NaN;',
    parameters: undefined
  },
  sql: 'SELECT "kode_jabatan", "kode_jabatan_atasan", "nama_jabatan" FROM "public"."ref_jabatan" AS "RefJabatan" WHERE "RefJabatan"."kode_jabatan_atasan" = NaN;',
  parameters: {}
}
[2024-11-22T16:26:54.884] [DEBUG] default - Error
    at Query.run (D:\Dev SIPPP\PMO\usman\node_modules\sequelize\src\dialects\postgres\query.js:76:25)
    at D:\Dev SIPPP\PMO\usman\node_modules\sequelize\src\sequelize.js:650:28
    at processTicksAndRejections (node:internal/process/task_queues:95:5)
    at async PostgresQueryInterface.select (D:\Dev SIPPP\PMO\usman\node_modules\sequelize\src\dialects\abstract\query-interface.js:1001:12)
    at async Function.findAll (D:\Dev SIPPP\PMO\usman\node_modules\sequelize\src\model.js:1824:21) {
  name: 'SequelizeDatabaseError',
  parent: error: kolom « nan » tidak ada
      at Parser.parseErrorMessage (D:\Dev SIPPP\PMO\usman\node_modules\pg-protocol\src\parser.ts:369:69)
      at Parser.handlePacket (D:\Dev SIPPP\PMO\usman\node_modules\pg-protocol\src\parser.ts:188:21)
      at Parser.parse (D:\Dev SIPPP\PMO\usman\node_modules\pg-protocol\src\parser.ts:103:30)
      at Socket.<anonymous> (D:\Dev SIPPP\PMO\usman\node_modules\pg-protocol\src\index.ts:7:48)
      at Socket.emit (node:events:513:28)
      at Socket.emit (node:domain:489:12)
      at addChunk (node:internal/streams/readable:324:12)
      at readableAddChunk (node:internal/streams/readable:297:9)
      at Socket.Readable.push (node:internal/streams/readable:234:10)
      at TCP.onStreamRead (node:internal/stream_base_commons:190:23) {
    length: 102,
    severity: 'ERROR',
    code: '42703',
    detail: undefined,
    hint: undefined,
    position: '149',
    internalPosition: undefined,
    internalQuery: undefined,
    where: undefined,
    schema: undefined,
    table: undefined,
    column: undefined,
    dataType: undefined,
    constraint: undefined,
    file: 'parse_relation.c',
    line: '3718',
    routine: 'errorMissingColumn',
    sql: 'SELECT "kode_jabatan", "kode_jabatan_atasan", "nama_jabatan" FROM "public"."ref_jabatan" AS "RefJabatan" WHERE "RefJabatan"."kode_jabatan_atasan" = NaN;',
    parameters: undefined
  },
  original: error: kolom « nan » tidak ada
      at Parser.parseErrorMessage (D:\Dev SIPPP\PMO\usman\node_modules\pg-protocol\src\parser.ts:369:69)
      at Parser.handlePacket (D:\Dev SIPPP\PMO\usman\node_modules\pg-protocol\src\parser.ts:188:21)
      at Parser.parse (D:\Dev SIPPP\PMO\usman\node_modules\pg-protocol\src\parser.ts:103:30)
      at Socket.<anonymous> (D:\Dev SIPPP\PMO\usman\node_modules\pg-protocol\src\index.ts:7:48)
      at Socket.emit (node:events:513:28)
      at Socket.emit (node:domain:489:12)
      at addChunk (node:internal/streams/readable:324:12)
      at readableAddChunk (node:internal/streams/readable:297:9)
      at Socket.Readable.push (node:internal/streams/readable:234:10)
      at TCP.onStreamRead (node:internal/stream_base_commons:190:23) {
    length: 102,
    severity: 'ERROR',
    code: '42703',
    detail: undefined,
    hint: undefined,
    position: '149',
    internalPosition: undefined,
    internalQuery: undefined,
    where: undefined,
    schema: undefined,
    table: undefined,
    column: undefined,
    dataType: undefined,
    constraint: undefined,
    file: 'parse_relation.c',
    line: '3718',
    routine: 'errorMissingColumn',
    sql: 'SELECT "kode_jabatan", "kode_jabatan_atasan", "nama_jabatan" FROM "public"."ref_jabatan" AS "RefJabatan" WHERE "RefJabatan"."kode_jabatan_atasan" = NaN;',
    parameters: undefined
  },
  sql: 'SELECT "kode_jabatan", "kode_jabatan_atasan", "nama_jabatan" FROM "public"."ref_jabatan" AS "RefJabatan" WHERE "RefJabatan"."kode_jabatan_atasan" = NaN;',
  parameters: {}
}
[2024-11-22T16:27:35.511] [DEBUG] default - Error
    at Query.run (D:\Dev SIPPP\PMO\usman\node_modules\sequelize\src\dialects\postgres\query.js:76:25)
    at D:\Dev SIPPP\PMO\usman\node_modules\sequelize\src\sequelize.js:650:28
    at processTicksAndRejections (node:internal/process/task_queues:95:5)
    at async PostgresQueryInterface.select (D:\Dev SIPPP\PMO\usman\node_modules\sequelize\src\dialects\abstract\query-interface.js:1001:12)
    at async Function.findAll (D:\Dev SIPPP\PMO\usman\node_modules\sequelize\src\model.js:1824:21) {
  name: 'SequelizeDatabaseError',
  parent: error: kolom « nan » tidak ada
      at Parser.parseErrorMessage (D:\Dev SIPPP\PMO\usman\node_modules\pg-protocol\src\parser.ts:369:69)
      at Parser.handlePacket (D:\Dev SIPPP\PMO\usman\node_modules\pg-protocol\src\parser.ts:188:21)
      at Parser.parse (D:\Dev SIPPP\PMO\usman\node_modules\pg-protocol\src\parser.ts:103:30)
      at Socket.<anonymous> (D:\Dev SIPPP\PMO\usman\node_modules\pg-protocol\src\index.ts:7:48)
      at Socket.emit (node:events:513:28)
      at Socket.emit (node:domain:489:12)
      at addChunk (node:internal/streams/readable:324:12)
      at readableAddChunk (node:internal/streams/readable:297:9)
      at Socket.Readable.push (node:internal/streams/readable:234:10)
      at TCP.onStreamRead (node:internal/stream_base_commons:190:23) {
    length: 102,
    severity: 'ERROR',
    code: '42703',
    detail: undefined,
    hint: undefined,
    position: '149',
    internalPosition: undefined,
    internalQuery: undefined,
    where: undefined,
    schema: undefined,
    table: undefined,
    column: undefined,
    dataType: undefined,
    constraint: undefined,
    file: 'parse_relation.c',
    line: '3718',
    routine: 'errorMissingColumn',
    sql: 'SELECT "kode_jabatan", "kode_jabatan_atasan", "nama_jabatan" FROM "public"."ref_jabatan" AS "RefJabatan" WHERE "RefJabatan"."kode_jabatan_atasan" = NaN;',
    parameters: undefined
  },
  original: error: kolom « nan » tidak ada
      at Parser.parseErrorMessage (D:\Dev SIPPP\PMO\usman\node_modules\pg-protocol\src\parser.ts:369:69)
      at Parser.handlePacket (D:\Dev SIPPP\PMO\usman\node_modules\pg-protocol\src\parser.ts:188:21)
      at Parser.parse (D:\Dev SIPPP\PMO\usman\node_modules\pg-protocol\src\parser.ts:103:30)
      at Socket.<anonymous> (D:\Dev SIPPP\PMO\usman\node_modules\pg-protocol\src\index.ts:7:48)
      at Socket.emit (node:events:513:28)
      at Socket.emit (node:domain:489:12)
      at addChunk (node:internal/streams/readable:324:12)
      at readableAddChunk (node:internal/streams/readable:297:9)
      at Socket.Readable.push (node:internal/streams/readable:234:10)
      at TCP.onStreamRead (node:internal/stream_base_commons:190:23) {
    length: 102,
    severity: 'ERROR',
    code: '42703',
    detail: undefined,
    hint: undefined,
    position: '149',
    internalPosition: undefined,
    internalQuery: undefined,
    where: undefined,
    schema: undefined,
    table: undefined,
    column: undefined,
    dataType: undefined,
    constraint: undefined,
    file: 'parse_relation.c',
    line: '3718',
    routine: 'errorMissingColumn',
    sql: 'SELECT "kode_jabatan", "kode_jabatan_atasan", "nama_jabatan" FROM "public"."ref_jabatan" AS "RefJabatan" WHERE "RefJabatan"."kode_jabatan_atasan" = NaN;',
    parameters: undefined
  },
  sql: 'SELECT "kode_jabatan", "kode_jabatan_atasan", "nama_jabatan" FROM "public"."ref_jabatan" AS "RefJabatan" WHERE "RefJabatan"."kode_jabatan_atasan" = NaN;',
  parameters: {}
}
[2024-11-22T16:28:12.836] [DEBUG] default - Error
    at Query.run (D:\Dev SIPPP\PMO\usman\node_modules\sequelize\src\dialects\postgres\query.js:76:25)
    at D:\Dev SIPPP\PMO\usman\node_modules\sequelize\src\sequelize.js:650:28
    at processTicksAndRejections (node:internal/process/task_queues:95:5)
    at async PostgresQueryInterface.select (D:\Dev SIPPP\PMO\usman\node_modules\sequelize\src\dialects\abstract\query-interface.js:1001:12)
    at async Function.findAll (D:\Dev SIPPP\PMO\usman\node_modules\sequelize\src\model.js:1824:21) {
  name: 'SequelizeDatabaseError',
  parent: error: kolom « nan » tidak ada
      at Parser.parseErrorMessage (D:\Dev SIPPP\PMO\usman\node_modules\pg-protocol\src\parser.ts:369:69)
      at Parser.handlePacket (D:\Dev SIPPP\PMO\usman\node_modules\pg-protocol\src\parser.ts:188:21)
      at Parser.parse (D:\Dev SIPPP\PMO\usman\node_modules\pg-protocol\src\parser.ts:103:30)
      at Socket.<anonymous> (D:\Dev SIPPP\PMO\usman\node_modules\pg-protocol\src\index.ts:7:48)
      at Socket.emit (node:events:513:28)
      at Socket.emit (node:domain:489:12)
      at addChunk (node:internal/streams/readable:324:12)
      at readableAddChunk (node:internal/streams/readable:297:9)
      at Socket.Readable.push (node:internal/streams/readable:234:10)
      at TCP.onStreamRead (node:internal/stream_base_commons:190:23) {
    length: 102,
    severity: 'ERROR',
    code: '42703',
    detail: undefined,
    hint: undefined,
    position: '149',
    internalPosition: undefined,
    internalQuery: undefined,
    where: undefined,
    schema: undefined,
    table: undefined,
    column: undefined,
    dataType: undefined,
    constraint: undefined,
    file: 'parse_relation.c',
    line: '3718',
    routine: 'errorMissingColumn',
    sql: 'SELECT "kode_jabatan", "kode_jabatan_atasan", "nama_jabatan" FROM "public"."ref_jabatan" AS "RefJabatan" WHERE "RefJabatan"."kode_jabatan_atasan" = NaN;',
    parameters: undefined
  },
  original: error: kolom « nan » tidak ada
      at Parser.parseErrorMessage (D:\Dev SIPPP\PMO\usman\node_modules\pg-protocol\src\parser.ts:369:69)
      at Parser.handlePacket (D:\Dev SIPPP\PMO\usman\node_modules\pg-protocol\src\parser.ts:188:21)
      at Parser.parse (D:\Dev SIPPP\PMO\usman\node_modules\pg-protocol\src\parser.ts:103:30)
      at Socket.<anonymous> (D:\Dev SIPPP\PMO\usman\node_modules\pg-protocol\src\index.ts:7:48)
      at Socket.emit (node:events:513:28)
      at Socket.emit (node:domain:489:12)
      at addChunk (node:internal/streams/readable:324:12)
      at readableAddChunk (node:internal/streams/readable:297:9)
      at Socket.Readable.push (node:internal/streams/readable:234:10)
      at TCP.onStreamRead (node:internal/stream_base_commons:190:23) {
    length: 102,
    severity: 'ERROR',
    code: '42703',
    detail: undefined,
    hint: undefined,
    position: '149',
    internalPosition: undefined,
    internalQuery: undefined,
    where: undefined,
    schema: undefined,
    table: undefined,
    column: undefined,
    dataType: undefined,
    constraint: undefined,
    file: 'parse_relation.c',
    line: '3718',
    routine: 'errorMissingColumn',
    sql: 'SELECT "kode_jabatan", "kode_jabatan_atasan", "nama_jabatan" FROM "public"."ref_jabatan" AS "RefJabatan" WHERE "RefJabatan"."kode_jabatan_atasan" = NaN;',
    parameters: undefined
  },
  sql: 'SELECT "kode_jabatan", "kode_jabatan_atasan", "nama_jabatan" FROM "public"."ref_jabatan" AS "RefJabatan" WHERE "RefJabatan"."kode_jabatan_atasan" = NaN;',
  parameters: {}
}
